2025-02-21 11:11:39,032 - INFO - Configuration loaded successfully from config.json.
2025-02-21 11:11:39,032 - INFO - Configuration file loaded successfully.
2025-02-21 11:11:39,190 - INFO - Model and tokenizer loaded successfully from ./gpt2_finetuned.
2025-02-21 11:11:39,190 - INFO - CUDA detected: False, using device: cpu
2025-02-21 11:11:39,193 - INFO - Model and tokenizer loaded successfully.
2025-02-21 11:11:39,193 - INFO - Starting Flask server on 0.0.0.0:5000
2025-02-21 11:11:39,213 - INFO - [31m[1mWARNING: This is a development server. Do not use it in a production deployment. Use a production WSGI server instead.[0m
 * Running on all addresses (0.0.0.0)
 * Running on http://127.0.0.1:5000
 * Running on http://10.60.36.23:5000
2025-02-21 11:11:39,213 - INFO - [33mPress CTRL+C to quit[0m
2025-02-21 11:12:50,409 - INFO - Received request: {'prompt': 'Generate API endpoints for Stress Testing include module name, API endpoints and input_params'}
2025-02-21 11:13:58,798 - INFO - Generated response: Generate API endpoints for Stress Testing include module name, API endpoints and input_params {"name": "stress test module", "api_endpoints": [{"method": "POST", "url": "/api/stress/test/create", "description": "Create a new stress test module.", "headers": {"Authorization": "Bearer <token>", "Content-Type": "application/json"}, "input_params": {"stress_test_name": {"type": "string", "required": true}, "test_type": {"type": "string", "required": true}, "start_date": {"type": "string", "required": true}, "end_date": {"type": "string", "required": true}, "stress_test_params": {"type": "array", "required": true}}}, {"method": "GET", "url": "/api/stress/test/{test_id}", "description": "Retrieve details of a specific stress test module.", "headers": {"Authorization": "Bearer <token>"}, "input_params": {"test_id": {"type": "string", "required": true}}}, {"method": "PUT", "url": "/api/stress/test/update/{test_id}", "description": "Update a stress test module.", "headers": {"Authorization": "Bearer <token>"}, "input_params": {"test_id": {"type": "string", "required": true}}}, {"method": "DELETE", "url": "/api/stress/test/delete/{test_id}", "description": "Delete a stress test module.", "headers": {"Authorization": "Bearer <token>", "Content-Type": "application/json"}, "input_params": {"stress_test_id": {"type": "string", "required": true}, "test_type": {"type": "string", "required": false}, "start_date": {"type": "string", "required": false}, "end_date": {"type": "string", "required": false}, "stress_test_params": {"type": "array", "required": false}}}, {"method": "POST", "url": "/api/stress/test/start", "description": "Start a stress test module.", "headers": {"Authorization": "Bearer <token>"}, "input_params": {"start_date": {"type": "string", "required": true}, "end_date": {"type": "string", "required": false}, "stress_test_params": {"type": "array", "required": false}}}, {"method": "GET", "url": "/api/stress/test/list", "description": "Retrieve a list of stress tests and parameters.", "headers": {"Authorization": "Bearer <token>"}, "input_params": {"stress_test_list": {"type": "array", "required": true}}}, {"method": "POST", "url": "/api/stress/test/test-status", "description": "Check the stress test status and performance parameters.", "headers": {"Authorization": "Bearer <token>"}, "input_params": {"stress_test_status": {"type": "string", "required": true}}}]}
2025-02-21 11:13:58,799 - INFO - 127.0.0.1 - - [21/Feb/2025 11:13:58] "POST /generate HTTP/1.1" 200 -
2025-02-21 11:24:10,644 - INFO - Configuration loaded successfully from config.json.
2025-02-21 11:24:10,645 - INFO - Configuration file loaded successfully.
2025-02-21 11:24:10,782 - INFO - Model and tokenizer loaded successfully from ./gpt2_finetuned.
2025-02-21 11:24:10,783 - INFO - CUDA detected: False, using device: cpu
2025-02-21 11:24:10,786 - INFO - Model and tokenizer loaded successfully.
2025-02-21 11:26:54,455 - INFO - Configuration loaded successfully from config.json.
2025-02-21 11:26:54,455 - INFO - Configuration file loaded successfully.
2025-02-21 11:26:54,594 - INFO - Model and tokenizer loaded successfully from ./gpt2_finetuned.
2025-02-21 11:26:54,594 - INFO - CUDA detected: False, using device: cpu
2025-02-21 11:26:54,594 - INFO - Model and tokenizer loaded successfully.
2025-02-21 11:26:54,594 - INFO - Starting Flask server on 0.0.0.0:5000
2025-02-21 11:26:54,628 - INFO - [31m[1mWARNING: This is a development server. Do not use it in a production deployment. Use a production WSGI server instead.[0m
 * Running on all addresses (0.0.0.0)
 * Running on http://127.0.0.1:5000
 * Running on http://10.60.36.23:5000
2025-02-21 11:26:54,628 - INFO - [33mPress CTRL+C to quit[0m
2025-02-21 11:31:58,665 - INFO - Configuration loaded successfully from config.json.
2025-02-21 11:31:58,665 - INFO - Configuration file loaded successfully.
2025-02-21 11:31:58,810 - INFO - Model and tokenizer loaded successfully from ./gpt2_finetuned.
2025-02-21 11:31:58,810 - INFO - CUDA detected: False, using device: cpu
2025-02-21 11:31:58,812 - INFO - Model and tokenizer loaded successfully.
2025-02-21 11:31:58,812 - INFO - Starting Flask server on 0.0.0.0:5000
2025-02-21 11:31:58,830 - INFO - [31m[1mWARNING: This is a development server. Do not use it in a production deployment. Use a production WSGI server instead.[0m
 * Running on all addresses (0.0.0.0)
 * Running on http://127.0.0.1:5000
 * Running on http://10.60.36.23:5000
2025-02-21 11:31:58,830 - INFO - [33mPress CTRL+C to quit[0m
2025-02-21 11:31:58,833 - INFO -  * Restarting with stat
2025-02-21 11:32:02,381 - INFO - Configuration loaded successfully from config.json.
2025-02-21 11:32:02,382 - INFO - Configuration file loaded successfully.
2025-02-21 11:32:02,510 - INFO - Model and tokenizer loaded successfully from ./gpt2_finetuned.
2025-02-21 11:32:02,510 - INFO - CUDA detected: False, using device: cpu
2025-02-21 11:32:02,512 - INFO - Model and tokenizer loaded successfully.
2025-02-21 11:32:02,512 - INFO - Starting Flask server on 0.0.0.0:5000
2025-02-21 11:32:36,861 - INFO - Received request: {'prompt': 'Generate API endpoints for Stress Testing include module name, API endpoints and input_params'}
2025-02-21 11:33:47,500 - INFO - Generated response: Generate API endpoints for Stress Testing include module name, API endpoints and input_params {"name": "stress test", "api_endpoints": [{"method": "POST", "url": "/api/stress/test/create", "description": "Create a new stress test for a specific user.", "headers": {"Authorization": "Bearer <token>", "Content-Type": "application/json"}, "input_params": {"user_id": {"type": "string", "required": true}, "test_name": {"type": "string", "required": true}, "start_date": {"type": "string", "required": true}, "end_date": {"type": "string", "required": true}, "input_params": {"user_id": {"type": "string", "required": true}}}, {"method": "GET", "url": "/api/stress/test/{user_id}", "description": "Retrieve details of a specific user by their ID.", "headers": {"Authorization": "Bearer <token>"}, "input_params": {"user_id": {"type": "string", "required": true}}}, {"method": "PUT", "url": "/api/stress/test/update/{user_id}", "description": "Update the details of a specific stress test.", "headers": {"Authorization": "Bearer <token>", "Content-Type": "application/json"}, "input_params": {"user_id": {"type": "string", "required": true}, "test_name": {"type": "string", "required": true}, "start_date": {"type": "string", "required": false}, "end_date": {"type": "string", "required": false}}}, {"method": "DELETE", "url": "/api/stress/test/delete/{user_id}", "description": "Delete a specific stress test from the system.", "headers": {"Authorization": "Bearer <token>", "Content-Type": "application/json"}, "input_params": {"user_id": {"type": "string", "required": true}, "test_name": {"type": "string", "required": false}, "start_date": {"type": "string", "required": false}, "end_date": {"type": "string", "required": false}}}, {"method": "GET", "url": "/api/stress/test/status/{stress_test_id}", "description": "Retrieve the status of a specific stress test.", "headers": {"Authorization": "Bearer <token>"}, "input_params": {"stress_test_id": {"type": "string", "required": true}}}, {"method": "POST", "url": "/api/stress/test/create", "description": "Create a new stress test for a specific user.", "headers": {"Authorization": "Bearer <token>", "Content-Type": "application/json"}, "input_params": {"user_id": {"type": "string", "required": true}, "test_name": {"type": "string", "required": true}, "start_date": {"type": "string", "required": false}, "end_date": {"type": "string", "required": false}}}]}
2025-02-21 11:33:47,501 - INFO - 127.0.0.1 - - [21/Feb/2025 11:33:47] "POST /generate HTTP/1.1" 200 -
2025-02-21 11:36:05,118 - INFO -  * Detected change in 'D:\\DS\\APIFLOW\\generation\\generator.py', reloading
2025-02-21 11:36:05,630 - INFO -  * Restarting with stat
2025-02-21 11:36:09,328 - INFO - Configuration loaded successfully from config.json.
2025-02-21 11:36:09,328 - INFO - Configuration file loaded successfully.
2025-02-21 11:36:09,481 - INFO - Model and tokenizer loaded successfully from ./gpt2_finetuned.
2025-02-21 11:36:09,481 - INFO - CUDA detected: False, using device: cpu
2025-02-21 11:36:09,483 - INFO - Model and tokenizer loaded successfully.
2025-02-21 11:36:09,484 - INFO - Starting Flask server on 0.0.0.0:5000
2025-02-21 11:36:39,506 - INFO -  * Detected change in 'D:\\DS\\APIFLOW\\generation\\generator.py', reloading
2025-02-21 11:36:39,916 - INFO -  * Restarting with stat
2025-02-21 11:36:43,609 - INFO - Configuration loaded successfully from config.json.
2025-02-21 11:36:43,610 - INFO - Configuration file loaded successfully.
2025-02-21 11:36:43,763 - INFO - Model and tokenizer loaded successfully from ./gpt2_finetuned.
2025-02-21 11:36:43,763 - INFO - CUDA detected: False, using device: cpu
2025-02-21 11:36:43,766 - INFO - Model and tokenizer loaded successfully.
2025-02-21 11:36:43,766 - INFO - Starting Flask server on 0.0.0.0:5000
2025-02-21 11:37:08,307 - INFO - Configuration loaded successfully from config.json.
2025-02-21 11:37:08,307 - INFO - Configuration file loaded successfully.
2025-02-21 11:37:08,453 - INFO - Model and tokenizer loaded successfully from ./gpt2_finetuned.
2025-02-21 11:37:08,453 - INFO - CUDA detected: False, using device: cpu
2025-02-21 11:37:08,455 - INFO - Model and tokenizer loaded successfully.
2025-02-21 11:37:08,455 - INFO - Starting Flask server on 0.0.0.0:5000
2025-02-21 11:37:08,472 - INFO - [31m[1mWARNING: This is a development server. Do not use it in a production deployment. Use a production WSGI server instead.[0m
 * Running on all addresses (0.0.0.0)
 * Running on http://127.0.0.1:5000
 * Running on http://10.60.36.23:5000
2025-02-21 11:37:08,473 - INFO - [33mPress CTRL+C to quit[0m
2025-02-21 11:37:08,474 - INFO -  * Restarting with stat
2025-02-21 11:37:12,104 - INFO - Configuration loaded successfully from config.json.
2025-02-21 11:37:12,104 - INFO - Configuration file loaded successfully.
2025-02-21 11:37:12,285 - INFO - Model and tokenizer loaded successfully from ./gpt2_finetuned.
2025-02-21 11:37:12,285 - INFO - CUDA detected: False, using device: cpu
2025-02-21 11:37:12,286 - INFO - Model and tokenizer loaded successfully.
2025-02-21 11:37:12,287 - INFO - Starting Flask server on 0.0.0.0:5000
2025-02-21 11:37:58,042 - INFO -  * Detected change in 'D:\\DS\\APIFLOW\\generation\\generator.py', reloading
2025-02-21 11:37:58,458 - INFO -  * Restarting with stat
2025-02-21 11:38:02,183 - INFO - Configuration loaded successfully from config.json.
2025-02-21 11:38:02,183 - INFO - Configuration file loaded successfully.
2025-02-21 11:38:02,316 - INFO - Model and tokenizer loaded successfully from ./gpt2_finetuned.
2025-02-21 11:38:02,316 - INFO - CUDA detected: False, using device: cpu
2025-02-21 11:38:02,317 - INFO - Model and tokenizer loaded successfully.
2025-02-21 11:38:02,317 - INFO - Starting Flask server on 0.0.0.0:5000
2025-02-21 11:38:26,514 - INFO -  * Detected change in 'D:\\DS\\APIFLOW\\generation\\generator.py', reloading
2025-02-21 11:38:26,922 - INFO -  * Restarting with stat
2025-02-21 11:38:30,627 - INFO - Configuration loaded successfully from config.json.
2025-02-21 11:38:30,627 - INFO - Configuration file loaded successfully.
2025-02-21 11:38:30,767 - INFO - Model and tokenizer loaded successfully from ./gpt2_finetuned.
2025-02-21 11:38:30,768 - INFO - CUDA detected: False, using device: cpu
2025-02-21 11:38:30,769 - INFO - Model and tokenizer loaded successfully.
2025-02-21 11:38:30,769 - INFO - Starting Flask server on 0.0.0.0:5000
2025-02-21 11:48:59,170 - INFO - Configuration loaded successfully from config.json.
2025-02-21 11:48:59,172 - INFO - Configuration file loaded successfully.
2025-02-21 11:48:59,673 - INFO - Model and tokenizer loaded successfully from ./gpt2_finetuned.
2025-02-21 11:48:59,673 - INFO - CUDA detected: False, using device: cpu
2025-02-21 11:48:59,674 - INFO - Model and tokenizer loaded successfully.
2025-02-21 11:50:48,149 - INFO - Configuration loaded successfully from config.json.
2025-02-21 11:50:48,149 - INFO - Configuration file loaded successfully.
2025-02-21 11:50:48,562 - INFO - Model and tokenizer loaded successfully from ./gpt2_finetuned.
2025-02-21 11:50:48,562 - INFO - CUDA detected: False, using device: cpu
2025-02-21 11:50:48,568 - INFO - Model and tokenizer loaded successfully.
2025-02-21 11:52:32,239 - INFO - Generated response: Generate API endpoints for Stress Testing include module name, API endpoints and input_params {"name": "stress test", "api_endpoints": [{"method": "POST", "url": "/api/stress/test/create", "description": "Create a new stress test.", "headers": {"Authorization": "Bearer <token>", "Content-Type": "application/json"}, "input_params": {"test_name": {"type": "string", "required": true}, "test_description": {"type": "string", "required": true}, "start_time": {"type": "string", "required": true}, "end_time": {"type": "string", "required": true}, "severity": {"type": "string", "required": true}, "test_duration": {"type": "string", "required": true}}}, {"method": "GET", "url": "/api/stress/test/{test_id}", "description": "Retrieve the details of a specific stress test.", "headers": {"Authorization": "Bearer <token>"}, "input_params": {"test_id": {"type": "string", "required": true}}}, {"method": "PUT", "url": "/api/stress/test/update/{test_id}", "description": "Update the details of a stress test.", "headers": {"Authorization": "Bearer <token>"}, "input_params": {"test_id": {"type": "string", "required": true}}}, {"method": "DELETE", "url": "/api/stress/test/delete/{test_id}", "description": "Delete a stress test.", "headers": {"Authorization": "Bearer <token>", "Content-Type": "application/json"}, "input_params": {"test_id": {"type": "string", "required": true}, "test_description": {"type": "string", "required": false}, "start_time": {"type": "string", "required": false}, "end_time": {"type": "string", "required": false}}}, {"method": "GET", "url": "/api/stress/test/{test_id}/history", "description": "Retrieve a list of all stress tests performed.", "headers": {"Authorization": "Bearer <token>"}, "input_params": {"test_id": {"type": "string", "required": true}}}, {"method": "POST", "url": "/api/stress/test/create", "description": "Create a new stress test.", "headers": {"Authorization": "Bearer <token>", "Content-Type": "application/json"}, "input_params": {"test_id": {"type": "string", "required": true}, "start_time": {"type": "string", "required": false}, "end_time": {"type": "string", "required": false}, "severity": {"type": "string", "required": false}, "test_duration": {"type": "string", "required": false}}}, {"method": "GET", "url": "/api/stress/test/{test_id}/report", "description": "Retrieve the stress test results for a specific test.", "headers": {"Authorization": "Bearer <token>"}, "input_params": {"test_id": {"type": "string", "required": true}}}, {"method": "GET", "url": "/api/stress/test/{test_id}/status", "description": "Retrieve the stress test status for a specific test.", "headers": {"Authorization": "Bearer <token>"}, "input_params": {"test_id": {"type": "string", "required": true}}}, {"method": "POST", "url": "/api/stress/test/{test_id}/submit", "description": "Submit a stress test request.", "headers": {"Authorization": "Bearer <token>", "Content-Type": "application/json"}, "input_params": {"test_id": {"type": "string", "required": true}, "request_status": {"type": "string", "required": true}, "submit": {"type": "string", "required": true}}}]}]}]} {"method": "GET", "url": "/api/stress/test/{test_id}/status", "description": "Retrieve the stress test status for a specific test.", "headers": {"Authorization": "Bearer <token>"}, "input_params": {"test_id": {"type": "string", "required": true}, "status": {"type": "string", "required": true}}}]}]} {"method
2025-02-21 12:13:04,797 - INFO - Configuration loaded successfully from config.json.
2025-02-21 12:13:04,797 - INFO - Configuration file loaded successfully.
2025-02-21 12:13:05,476 - INFO - Model and tokenizer loaded successfully from ./gpt2_finetuned.
2025-02-21 12:13:05,476 - INFO - CUDA detected: False, using device: cpu
2025-02-21 12:13:05,478 - INFO - Model and tokenizer loaded successfully.
2025-02-21 16:11:32,406 - INFO - Configuration loaded successfully from config.json.
2025-02-21 16:11:32,406 - INFO - Configuration file loaded successfully.
2025-02-21 16:11:32,406 - INFO - Pika version 1.3.2 connecting to ('::1', 5672, 0, 0)
2025-02-21 16:11:32,406 - INFO - Socket connected: <socket.socket fd=1312, family=AddressFamily.AF_INET6, type=SocketKind.SOCK_STREAM, proto=6, laddr=('::1', 52332, 0, 0), raddr=('::1', 5672, 0, 0)>
2025-02-21 16:11:32,406 - INFO - Streaming transport linked up: (<pika.adapters.utils.io_services_utils._AsyncPlaintextTransport object at 0x000002447D9C0550>, _StreamingProtocolShim: <SelectConnection PROTOCOL transport=<pika.adapters.utils.io_services_utils._AsyncPlaintextTransport object at 0x000002447D9C0550> params=<ConnectionParameters host=localhost port=5672 virtual_host=/ ssl=False>>).
2025-02-21 16:11:32,419 - INFO - AMQPConnector - reporting success: <SelectConnection OPEN transport=<pika.adapters.utils.io_services_utils._AsyncPlaintextTransport object at 0x000002447D9C0550> params=<ConnectionParameters host=localhost port=5672 virtual_host=/ ssl=False>>
2025-02-21 16:11:32,419 - INFO - AMQPConnectionWorkflow - reporting success: <SelectConnection OPEN transport=<pika.adapters.utils.io_services_utils._AsyncPlaintextTransport object at 0x000002447D9C0550> params=<ConnectionParameters host=localhost port=5672 virtual_host=/ ssl=False>>
2025-02-21 16:11:32,419 - INFO - Connection workflow succeeded: <SelectConnection OPEN transport=<pika.adapters.utils.io_services_utils._AsyncPlaintextTransport object at 0x000002447D9C0550> params=<ConnectionParameters host=localhost port=5672 virtual_host=/ ssl=False>>
2025-02-21 16:11:32,419 - INFO - Created channel=1
2025-02-21 16:12:36,863 - INFO - Configuration loaded successfully from config.json.
2025-02-21 16:17:26,781 - INFO - Configuration loaded successfully from config.json.
2025-02-21 16:17:27,111 - INFO - Model and tokenizer loaded successfully from ./gpt2_finetuned.
2025-02-21 16:17:27,111 - INFO - CUDA detected: False, using device: cpu
2025-02-21 16:17:27,117 - INFO - Pika version 1.3.2 connecting to ('::1', 5672, 0, 0)
2025-02-21 16:17:27,117 - INFO - Socket connected: <socket.socket fd=1140, family=AddressFamily.AF_INET6, type=SocketKind.SOCK_STREAM, proto=6, laddr=('::1', 52479, 0, 0), raddr=('::1', 5672, 0, 0)>
2025-02-21 16:17:27,117 - INFO - Streaming transport linked up: (<pika.adapters.utils.io_services_utils._AsyncPlaintextTransport object at 0x0000022C80070250>, _StreamingProtocolShim: <SelectConnection PROTOCOL transport=<pika.adapters.utils.io_services_utils._AsyncPlaintextTransport object at 0x0000022C80070250> params=<ConnectionParameters host=localhost port=5672 virtual_host=/ ssl=False>>).
2025-02-21 16:17:27,126 - INFO - AMQPConnector - reporting success: <SelectConnection OPEN transport=<pika.adapters.utils.io_services_utils._AsyncPlaintextTransport object at 0x0000022C80070250> params=<ConnectionParameters host=localhost port=5672 virtual_host=/ ssl=False>>
2025-02-21 16:17:27,130 - INFO - AMQPConnectionWorkflow - reporting success: <SelectConnection OPEN transport=<pika.adapters.utils.io_services_utils._AsyncPlaintextTransport object at 0x0000022C80070250> params=<ConnectionParameters host=localhost port=5672 virtual_host=/ ssl=False>>
2025-02-21 16:17:27,130 - INFO - Connection workflow succeeded: <SelectConnection OPEN transport=<pika.adapters.utils.io_services_utils._AsyncPlaintextTransport object at 0x0000022C80070250> params=<ConnectionParameters host=localhost port=5672 virtual_host=/ ssl=False>>
2025-02-21 16:17:27,130 - INFO - Created channel=1
2025-02-21 16:17:27,130 - INFO - Worker started. Listening for messages...
2025-02-21 16:21:58,462 - ERROR - _AsyncBaseTransport._produce() failed, aborting connection: error=ConnectionResetError(10054, 'An existing connection was forcibly closed by the remote host', None, 10054, None); sock=<socket.socket fd=1312, family=AddressFamily.AF_INET6, type=SocketKind.SOCK_STREAM, proto=6, laddr=('::1', 52332, 0, 0), raddr=('::1', 5672, 0, 0)>; Caller's stack:
Traceback (most recent call last):
  File "C:\Users\Ajish\AppData\Local\Programs\Python\Python310\lib\site-packages\pika\adapters\utils\io_services_utils.py", line 1103, in _on_socket_writable
    self._produce()
  File "C:\Users\Ajish\AppData\Local\Programs\Python\Python310\lib\site-packages\pika\adapters\utils\io_services_utils.py", line 819, in _produce
    num_bytes_sent = self._sigint_safe_send(self._sock,
  File "C:\Users\Ajish\AppData\Local\Programs\Python\Python310\lib\site-packages\pika\adapters\utils\io_services_utils.py", line 79, in retry_sigint_wrap
    return func(*args, **kwargs)
  File "C:\Users\Ajish\AppData\Local\Programs\Python\Python310\lib\site-packages\pika\adapters\utils\io_services_utils.py", line 861, in _sigint_safe_send
    return sock.send(data)
ConnectionResetError: [WinError 10054] An existing connection was forcibly closed by the remote host
Traceback (most recent call last):
  File "C:\Users\Ajish\AppData\Local\Programs\Python\Python310\lib\site-packages\pika\adapters\utils\io_services_utils.py", line 1103, in _on_socket_writable
    self._produce()
  File "C:\Users\Ajish\AppData\Local\Programs\Python\Python310\lib\site-packages\pika\adapters\utils\io_services_utils.py", line 819, in _produce
    num_bytes_sent = self._sigint_safe_send(self._sock,
  File "C:\Users\Ajish\AppData\Local\Programs\Python\Python310\lib\site-packages\pika\adapters\utils\io_services_utils.py", line 79, in retry_sigint_wrap
    return func(*args, **kwargs)
  File "C:\Users\Ajish\AppData\Local\Programs\Python\Python310\lib\site-packages\pika\adapters\utils\io_services_utils.py", line 861, in _sigint_safe_send
    return sock.send(data)
ConnectionResetError: [WinError 10054] An existing connection was forcibly closed by the remote host
2025-02-21 16:21:58,462 - INFO - _AsyncTransportBase._initate_abort(): Initiating abrupt asynchronous transport shutdown: state=1; error=ConnectionResetError(10054, 'An existing connection was forcibly closed by the remote host', None, 10054, None); <socket.socket fd=1312, family=AddressFamily.AF_INET6, type=SocketKind.SOCK_STREAM, proto=6, laddr=('::1', 52332, 0, 0), raddr=('::1', 5672, 0, 0)>
2025-02-21 16:21:58,462 - INFO - Deactivating transport: state=1; <socket.socket fd=1312, family=AddressFamily.AF_INET6, type=SocketKind.SOCK_STREAM, proto=6, laddr=('::1', 52332, 0, 0), raddr=('::1', 5672, 0, 0)>
2025-02-21 16:21:58,462 - ERROR - connection_lost: StreamLostError: ("Stream connection lost: ConnectionResetError(10054, 'An existing connection was forcibly closed by the remote host', None, 10054, None)",)
2025-02-21 16:21:58,463 - INFO - AMQP stack terminated, failed to connect, or aborted: opened=True, error-arg=StreamLostError: ("Stream connection lost: ConnectionResetError(10054, 'An existing connection was forcibly closed by the remote host', None, 10054, None)",); pending-error=None
2025-02-21 16:21:58,464 - INFO - Stack terminated due to StreamLostError: ("Stream connection lost: ConnectionResetError(10054, 'An existing connection was forcibly closed by the remote host', None, 10054, None)",)
2025-02-21 16:21:58,464 - INFO - Closing transport socket and unlinking: state=2; <socket.socket fd=1312, family=AddressFamily.AF_INET6, type=SocketKind.SOCK_STREAM, proto=6, laddr=('::1', 52332, 0, 0), raddr=('::1', 5672, 0, 0)>
2025-02-21 16:21:58,465 - ERROR - Unexpected connection close detected: StreamLostError: ("Stream connection lost: ConnectionResetError(10054, 'An existing connection was forcibly closed by the remote host', None, 10054, None)",)
2025-02-21 16:22:58,847 - INFO - Configuration loaded successfully from config.json.
2025-02-21 16:22:58,847 - INFO - Configuration file loaded successfully.
2025-02-21 16:22:58,855 - INFO - Pika version 1.3.2 connecting to ('::1', 5672, 0, 0)
2025-02-21 16:22:58,856 - INFO - Socket connected: <socket.socket fd=1404, family=AddressFamily.AF_INET6, type=SocketKind.SOCK_STREAM, proto=6, laddr=('::1', 52656, 0, 0), raddr=('::1', 5672, 0, 0)>
2025-02-21 16:22:58,857 - INFO - Streaming transport linked up: (<pika.adapters.utils.io_services_utils._AsyncPlaintextTransport object at 0x000002273A82C580>, _StreamingProtocolShim: <SelectConnection PROTOCOL transport=<pika.adapters.utils.io_services_utils._AsyncPlaintextTransport object at 0x000002273A82C580> params=<ConnectionParameters host=localhost port=5672 virtual_host=/ ssl=False>>).
2025-02-21 16:22:58,860 - INFO - AMQPConnector - reporting success: <SelectConnection OPEN transport=<pika.adapters.utils.io_services_utils._AsyncPlaintextTransport object at 0x000002273A82C580> params=<ConnectionParameters host=localhost port=5672 virtual_host=/ ssl=False>>
2025-02-21 16:22:58,861 - INFO - AMQPConnectionWorkflow - reporting success: <SelectConnection OPEN transport=<pika.adapters.utils.io_services_utils._AsyncPlaintextTransport object at 0x000002273A82C580> params=<ConnectionParameters host=localhost port=5672 virtual_host=/ ssl=False>>
2025-02-21 16:22:58,861 - INFO - Connection workflow succeeded: <SelectConnection OPEN transport=<pika.adapters.utils.io_services_utils._AsyncPlaintextTransport object at 0x000002273A82C580> params=<ConnectionParameters host=localhost port=5672 virtual_host=/ ssl=False>>
2025-02-21 16:22:58,861 - INFO - Created channel=1
2025-02-21 16:23:29,985 - INFO - Configuration loaded successfully from config.json.
2025-02-21 16:23:30,144 - INFO - Model and tokenizer loaded successfully from ./gpt2_finetuned.
2025-02-21 16:23:30,144 - INFO - CUDA detected: False, using device: cpu
2025-02-21 16:23:30,155 - INFO - Pika version 1.3.2 connecting to ('::1', 5672, 0, 0)
2025-02-21 16:23:30,155 - INFO - Socket connected: <socket.socket fd=788, family=AddressFamily.AF_INET6, type=SocketKind.SOCK_STREAM, proto=6, laddr=('::1', 52693, 0, 0), raddr=('::1', 5672, 0, 0)>
2025-02-21 16:23:30,155 - INFO - Streaming transport linked up: (<pika.adapters.utils.io_services_utils._AsyncPlaintextTransport object at 0x000002088007C250>, _StreamingProtocolShim: <SelectConnection PROTOCOL transport=<pika.adapters.utils.io_services_utils._AsyncPlaintextTransport object at 0x000002088007C250> params=<ConnectionParameters host=localhost port=5672 virtual_host=/ ssl=False>>).
2025-02-21 16:23:30,161 - INFO - AMQPConnector - reporting success: <SelectConnection OPEN transport=<pika.adapters.utils.io_services_utils._AsyncPlaintextTransport object at 0x000002088007C250> params=<ConnectionParameters host=localhost port=5672 virtual_host=/ ssl=False>>
2025-02-21 16:23:30,161 - INFO - AMQPConnectionWorkflow - reporting success: <SelectConnection OPEN transport=<pika.adapters.utils.io_services_utils._AsyncPlaintextTransport object at 0x000002088007C250> params=<ConnectionParameters host=localhost port=5672 virtual_host=/ ssl=False>>
2025-02-21 16:23:30,161 - INFO - Connection workflow succeeded: <SelectConnection OPEN transport=<pika.adapters.utils.io_services_utils._AsyncPlaintextTransport object at 0x000002088007C250> params=<ConnectionParameters host=localhost port=5672 virtual_host=/ ssl=False>>
2025-02-21 16:23:30,161 - INFO - Created channel=1
2025-02-21 16:23:30,163 - INFO - Worker started. Listening for messages...
2025-02-21 16:23:54,427 - INFO - Task 8020cb9b-bf97-4867-a1af-50c5849ec014 enqueued successfully.
2025-02-21 16:23:54,428 - INFO - Processing task: 8020cb9b-bf97-4867-a1af-50c5849ec014
2025-02-21 16:25:05,269 - INFO - Task 8020cb9b-bf97-4867-a1af-50c5849ec014 completed successfully.
2025-02-21 16:27:12,587 - ERROR - _AsyncBaseTransport._produce() failed, aborting connection: error=ConnectionResetError(10054, 'An existing connection was forcibly closed by the remote host', None, 10054, None); sock=<socket.socket fd=1404, family=AddressFamily.AF_INET6, type=SocketKind.SOCK_STREAM, proto=6, laddr=('::1', 52656, 0, 0), raddr=('::1', 5672, 0, 0)>; Caller's stack:
Traceback (most recent call last):
  File "C:\Users\Ajish\AppData\Local\Programs\Python\Python310\lib\site-packages\pika\adapters\utils\io_services_utils.py", line 1103, in _on_socket_writable
    self._produce()
  File "C:\Users\Ajish\AppData\Local\Programs\Python\Python310\lib\site-packages\pika\adapters\utils\io_services_utils.py", line 819, in _produce
    num_bytes_sent = self._sigint_safe_send(self._sock,
  File "C:\Users\Ajish\AppData\Local\Programs\Python\Python310\lib\site-packages\pika\adapters\utils\io_services_utils.py", line 79, in retry_sigint_wrap
    return func(*args, **kwargs)
  File "C:\Users\Ajish\AppData\Local\Programs\Python\Python310\lib\site-packages\pika\adapters\utils\io_services_utils.py", line 861, in _sigint_safe_send
    return sock.send(data)
ConnectionResetError: [WinError 10054] An existing connection was forcibly closed by the remote host
Traceback (most recent call last):
  File "C:\Users\Ajish\AppData\Local\Programs\Python\Python310\lib\site-packages\pika\adapters\utils\io_services_utils.py", line 1103, in _on_socket_writable
    self._produce()
  File "C:\Users\Ajish\AppData\Local\Programs\Python\Python310\lib\site-packages\pika\adapters\utils\io_services_utils.py", line 819, in _produce
    num_bytes_sent = self._sigint_safe_send(self._sock,
  File "C:\Users\Ajish\AppData\Local\Programs\Python\Python310\lib\site-packages\pika\adapters\utils\io_services_utils.py", line 79, in retry_sigint_wrap
    return func(*args, **kwargs)
  File "C:\Users\Ajish\AppData\Local\Programs\Python\Python310\lib\site-packages\pika\adapters\utils\io_services_utils.py", line 861, in _sigint_safe_send
    return sock.send(data)
ConnectionResetError: [WinError 10054] An existing connection was forcibly closed by the remote host
2025-02-21 16:27:12,588 - INFO - _AsyncTransportBase._initate_abort(): Initiating abrupt asynchronous transport shutdown: state=1; error=ConnectionResetError(10054, 'An existing connection was forcibly closed by the remote host', None, 10054, None); <socket.socket fd=1404, family=AddressFamily.AF_INET6, type=SocketKind.SOCK_STREAM, proto=6, laddr=('::1', 52656, 0, 0), raddr=('::1', 5672, 0, 0)>
2025-02-21 16:27:12,588 - INFO - Deactivating transport: state=1; <socket.socket fd=1404, family=AddressFamily.AF_INET6, type=SocketKind.SOCK_STREAM, proto=6, laddr=('::1', 52656, 0, 0), raddr=('::1', 5672, 0, 0)>
2025-02-21 16:27:12,588 - ERROR - connection_lost: StreamLostError: ("Stream connection lost: ConnectionResetError(10054, 'An existing connection was forcibly closed by the remote host', None, 10054, None)",)
2025-02-21 16:27:12,588 - INFO - AMQP stack terminated, failed to connect, or aborted: opened=True, error-arg=StreamLostError: ("Stream connection lost: ConnectionResetError(10054, 'An existing connection was forcibly closed by the remote host', None, 10054, None)",); pending-error=None
2025-02-21 16:27:12,588 - INFO - Stack terminated due to StreamLostError: ("Stream connection lost: ConnectionResetError(10054, 'An existing connection was forcibly closed by the remote host', None, 10054, None)",)
2025-02-21 16:27:12,588 - INFO - Closing transport socket and unlinking: state=2; <socket.socket fd=1404, family=AddressFamily.AF_INET6, type=SocketKind.SOCK_STREAM, proto=6, laddr=('::1', 52656, 0, 0), raddr=('::1', 5672, 0, 0)>
2025-02-21 16:27:12,589 - ERROR - Unexpected connection close detected: StreamLostError: ("Stream connection lost: ConnectionResetError(10054, 'An existing connection was forcibly closed by the remote host', None, 10054, None)",)
2025-02-21 16:30:02,231 - INFO - Configuration loaded successfully from config.json.
2025-02-21 16:30:02,232 - INFO - Configuration file loaded successfully.
2025-02-21 16:30:02,240 - INFO - Pika version 1.3.2 connecting to ('::1', 5672, 0, 0)
2025-02-21 16:30:02,241 - INFO - Socket connected: <socket.socket fd=1324, family=AddressFamily.AF_INET6, type=SocketKind.SOCK_STREAM, proto=6, laddr=('::1', 52922, 0, 0), raddr=('::1', 5672, 0, 0)>
2025-02-21 16:30:02,241 - INFO - Streaming transport linked up: (<pika.adapters.utils.io_services_utils._AsyncPlaintextTransport object at 0x000002517A5CC5B0>, _StreamingProtocolShim: <SelectConnection PROTOCOL transport=<pika.adapters.utils.io_services_utils._AsyncPlaintextTransport object at 0x000002517A5CC5B0> params=<ConnectionParameters host=localhost port=5672 virtual_host=/ ssl=False>>).
2025-02-21 16:30:02,246 - INFO - AMQPConnector - reporting success: <SelectConnection OPEN transport=<pika.adapters.utils.io_services_utils._AsyncPlaintextTransport object at 0x000002517A5CC5B0> params=<ConnectionParameters host=localhost port=5672 virtual_host=/ ssl=False>>
2025-02-21 16:30:02,247 - INFO - AMQPConnectionWorkflow - reporting success: <SelectConnection OPEN transport=<pika.adapters.utils.io_services_utils._AsyncPlaintextTransport object at 0x000002517A5CC5B0> params=<ConnectionParameters host=localhost port=5672 virtual_host=/ ssl=False>>
2025-02-21 16:30:02,247 - INFO - Connection workflow succeeded: <SelectConnection OPEN transport=<pika.adapters.utils.io_services_utils._AsyncPlaintextTransport object at 0x000002517A5CC5B0> params=<ConnectionParameters host=localhost port=5672 virtual_host=/ ssl=False>>
2025-02-21 16:30:02,247 - INFO - Created channel=1
2025-02-21 16:30:24,375 - INFO - Task ea4eb011-211d-42e9-bb5a-7a6ab7e55fdf enqueued successfully.
2025-02-21 16:30:24,376 - INFO - Processing task: ea4eb011-211d-42e9-bb5a-7a6ab7e55fdf
2025-02-21 16:30:34,763 - INFO - Task af35024a-6123-4a1e-a960-833e8cead818 enqueued successfully.
2025-02-21 16:31:30,069 - INFO - Task ea4eb011-211d-42e9-bb5a-7a6ab7e55fdf completed successfully.
2025-02-21 16:31:30,069 - INFO - Processing task: af35024a-6123-4a1e-a960-833e8cead818
2025-02-21 16:32:34,843 - INFO - Task af35024a-6123-4a1e-a960-833e8cead818 completed successfully.
2025-02-21 16:35:31,956 - INFO - Configuration loaded successfully from config.json.
2025-02-21 16:35:31,956 - INFO - Configuration file loaded successfully.
2025-02-21 16:35:31,964 - INFO - Pika version 1.3.2 connecting to ('::1', 5672, 0, 0)
2025-02-21 16:35:31,964 - INFO - Socket connected: <socket.socket fd=1232, family=AddressFamily.AF_INET6, type=SocketKind.SOCK_STREAM, proto=6, laddr=('::1', 53125, 0, 0), raddr=('::1', 5672, 0, 0)>
2025-02-21 16:35:31,965 - INFO - Streaming transport linked up: (<pika.adapters.utils.io_services_utils._AsyncPlaintextTransport object at 0x000001AB9E450520>, _StreamingProtocolShim: <SelectConnection PROTOCOL transport=<pika.adapters.utils.io_services_utils._AsyncPlaintextTransport object at 0x000001AB9E450520> params=<ConnectionParameters host=localhost port=5672 virtual_host=/ ssl=False>>).
2025-02-21 16:35:31,971 - INFO - AMQPConnector - reporting success: <SelectConnection OPEN transport=<pika.adapters.utils.io_services_utils._AsyncPlaintextTransport object at 0x000001AB9E450520> params=<ConnectionParameters host=localhost port=5672 virtual_host=/ ssl=False>>
2025-02-21 16:35:31,971 - INFO - AMQPConnectionWorkflow - reporting success: <SelectConnection OPEN transport=<pika.adapters.utils.io_services_utils._AsyncPlaintextTransport object at 0x000001AB9E450520> params=<ConnectionParameters host=localhost port=5672 virtual_host=/ ssl=False>>
2025-02-21 16:35:31,971 - INFO - Connection workflow succeeded: <SelectConnection OPEN transport=<pika.adapters.utils.io_services_utils._AsyncPlaintextTransport object at 0x000001AB9E450520> params=<ConnectionParameters host=localhost port=5672 virtual_host=/ ssl=False>>
2025-02-21 16:35:31,971 - INFO - Created channel=1
2025-02-21 16:45:01,204 - INFO - Configuration loaded successfully from config.json.
2025-02-21 16:45:01,204 - INFO - Configuration file loaded successfully.
2025-02-21 16:45:03,281 - INFO - Connected to Redis successfully.
2025-02-21 16:45:03,291 - INFO - Pika version 1.3.2 connecting to ('::1', 5672, 0, 0)
2025-02-21 16:45:03,294 - INFO - Socket connected: <socket.socket fd=1236, family=AddressFamily.AF_INET6, type=SocketKind.SOCK_STREAM, proto=6, laddr=('::1', 53359, 0, 0), raddr=('::1', 5672, 0, 0)>
2025-02-21 16:45:03,296 - INFO - Streaming transport linked up: (<pika.adapters.utils.io_services_utils._AsyncPlaintextTransport object at 0x000001A40B094910>, _StreamingProtocolShim: <SelectConnection PROTOCOL transport=<pika.adapters.utils.io_services_utils._AsyncPlaintextTransport object at 0x000001A40B094910> params=<ConnectionParameters host=localhost port=5672 virtual_host=/ ssl=False>>).
2025-02-21 16:45:03,308 - INFO - AMQPConnector - reporting success: <SelectConnection OPEN transport=<pika.adapters.utils.io_services_utils._AsyncPlaintextTransport object at 0x000001A40B094910> params=<ConnectionParameters host=localhost port=5672 virtual_host=/ ssl=False>>
2025-02-21 16:45:03,308 - INFO - AMQPConnectionWorkflow - reporting success: <SelectConnection OPEN transport=<pika.adapters.utils.io_services_utils._AsyncPlaintextTransport object at 0x000001A40B094910> params=<ConnectionParameters host=localhost port=5672 virtual_host=/ ssl=False>>
2025-02-21 16:45:03,308 - INFO - Connection workflow succeeded: <SelectConnection OPEN transport=<pika.adapters.utils.io_services_utils._AsyncPlaintextTransport object at 0x000001A40B094910> params=<ConnectionParameters host=localhost port=5672 virtual_host=/ ssl=False>>
2025-02-21 16:45:03,309 - INFO - Created channel=1
2025-02-21 16:45:03,312 - INFO - Connected to RabbitMQ successfully.
2025-02-21 16:45:24,155 - INFO - Task cec6b1c4-79dd-4a1f-b064-ec94d269e45e enqueued successfully.
2025-02-21 16:45:24,156 - INFO - Processing task: cec6b1c4-79dd-4a1f-b064-ec94d269e45e
2025-02-21 16:46:28,391 - INFO - Task cec6b1c4-79dd-4a1f-b064-ec94d269e45e completed successfully.
2025-02-21 17:01:48,903 - ERROR - _AsyncBaseTransport._consume() failed, aborting connection: error=ConnectionResetError(10054, 'An existing connection was forcibly closed by the remote host', None, 10054, None); sock=<socket.socket fd=788, family=AddressFamily.AF_INET6, type=SocketKind.SOCK_STREAM, proto=6, laddr=('::1', 52693, 0, 0), raddr=('::1', 5672, 0, 0)>; Caller's stack:
Traceback (most recent call last):
  File "C:\Users\Ajish\AppData\Local\Programs\Python\Python310\lib\site-packages\pika\adapters\utils\io_services_utils.py", line 1047, in _on_socket_readable
    self._consume()
  File "C:\Users\Ajish\AppData\Local\Programs\Python\Python310\lib\site-packages\pika\adapters\utils\io_services_utils.py", line 791, in _consume
    data = self._sigint_safe_recv(self._sock, self._MAX_RECV_BYTES)
  File "C:\Users\Ajish\AppData\Local\Programs\Python\Python310\lib\site-packages\pika\adapters\utils\io_services_utils.py", line 79, in retry_sigint_wrap
    return func(*args, **kwargs)
  File "C:\Users\Ajish\AppData\Local\Programs\Python\Python310\lib\site-packages\pika\adapters\utils\io_services_utils.py", line 846, in _sigint_safe_recv
    return sock.recv(max_bytes)
ConnectionResetError: [WinError 10054] An existing connection was forcibly closed by the remote host
Traceback (most recent call last):
  File "C:\Users\Ajish\AppData\Local\Programs\Python\Python310\lib\site-packages\pika\adapters\utils\io_services_utils.py", line 1047, in _on_socket_readable
    self._consume()
  File "C:\Users\Ajish\AppData\Local\Programs\Python\Python310\lib\site-packages\pika\adapters\utils\io_services_utils.py", line 791, in _consume
    data = self._sigint_safe_recv(self._sock, self._MAX_RECV_BYTES)
  File "C:\Users\Ajish\AppData\Local\Programs\Python\Python310\lib\site-packages\pika\adapters\utils\io_services_utils.py", line 79, in retry_sigint_wrap
    return func(*args, **kwargs)
  File "C:\Users\Ajish\AppData\Local\Programs\Python\Python310\lib\site-packages\pika\adapters\utils\io_services_utils.py", line 846, in _sigint_safe_recv
    return sock.recv(max_bytes)
ConnectionResetError: [WinError 10054] An existing connection was forcibly closed by the remote host
2025-02-21 17:01:48,907 - INFO - _AsyncTransportBase._initate_abort(): Initiating abrupt asynchronous transport shutdown: state=1; error=ConnectionResetError(10054, 'An existing connection was forcibly closed by the remote host', None, 10054, None); <socket.socket fd=788, family=AddressFamily.AF_INET6, type=SocketKind.SOCK_STREAM, proto=6, laddr=('::1', 52693, 0, 0), raddr=('::1', 5672, 0, 0)>
2025-02-21 17:01:48,907 - INFO - Deactivating transport: state=1; <socket.socket fd=788, family=AddressFamily.AF_INET6, type=SocketKind.SOCK_STREAM, proto=6, laddr=('::1', 52693, 0, 0), raddr=('::1', 5672, 0, 0)>
2025-02-21 17:01:48,907 - ERROR - connection_lost: StreamLostError: ("Stream connection lost: ConnectionResetError(10054, 'An existing connection was forcibly closed by the remote host', None, 10054, None)",)
2025-02-21 17:01:48,912 - INFO - AMQP stack terminated, failed to connect, or aborted: opened=True, error-arg=StreamLostError: ("Stream connection lost: ConnectionResetError(10054, 'An existing connection was forcibly closed by the remote host', None, 10054, None)",); pending-error=None
2025-02-21 17:01:48,912 - INFO - Stack terminated due to StreamLostError: ("Stream connection lost: ConnectionResetError(10054, 'An existing connection was forcibly closed by the remote host', None, 10054, None)",)
2025-02-21 17:01:48,912 - INFO - Closing transport socket and unlinking: state=2; <socket.socket fd=788, family=AddressFamily.AF_INET6, type=SocketKind.SOCK_STREAM, proto=6, laddr=('::1', 52693, 0, 0), raddr=('::1', 5672, 0, 0)>
2025-02-21 17:01:48,912 - ERROR - Unexpected connection close detected: StreamLostError: ("Stream connection lost: ConnectionResetError(10054, 'An existing connection was forcibly closed by the remote host', None, 10054, None)",)
